 
==== Sun 07/05/2026 23:53:40.12 ==== 
Unpublished: 1190 | publishable: 1188 | no-file (skipped): 2 | posting this run: 2
  no-file slugs (skipped): 6-67-month-membership-last-call-for-cnc-carvers, limited-time-cnc-membership-lock-in-6-67-month
✓ amen-stl-floral-word-relief-christian-wall-decor-faith-home-artwork-wood-carving (4 img) -> https://cults3d.com/en/3d-model/art/amen-wildflower-word-stl-file
✓ american-250-anniversary-bas-relief-stl-liberty-bell-eagle-statue-of-liberty-wal (4 img) -> https://cults3d.com/en/3d-model/art/usa-250th-anniversary-bas-relief-stl

Done. Created 2, failed 0.
 
==== Sun 07/05/2026 23:56:16.71 ==== 
Unpublished: 1188 | publishable: 1186 | no-file (skipped): 2 | posting this run: 2
  no-file slugs (skipped): 6-67-month-membership-last-call-for-cnc-carvers, limited-time-cnc-membership-lock-in-6-67-month
✓ american-buffalo-3d-stl-file-bison-and-baby-calf-cnc-router-relief-western-ranch (4 img) -> https://cults3d.com/en/3d-model/art/bison-and-calf-stl-relief-carving-file
✓ anchor-and-roses-3d-relief-stl-file-nautical-floral-wood-grain-cnc-carving-coast (4 img) -> https://cults3d.com/en/3d-model/art/anchor-and-roses-relief-stl-file

Done. Created 2, failed 0.
 
==== Mon 07/06/2026 14:29:47.67 ==== 
^C 
==== Mon 07/06/2026 15:56:18.26 ==== 
Unpublished: 1184 | publishable: 1182 | no-file (skipped): 2 | posting this run: 2
  no-file slugs (skipped): 6-67-month-membership-last-call-for-cnc-carvers, limited-time-cnc-membership-lock-in-6-67-month
✓ ancient-roman-aqueduct-relief-panel (5 img) -> https://cults3d.com/en/3d-model/art/roman-aqueduct-relief-stl-for-cnc-carving
✓ angel-scroll-relief-guardian-angel-panel-3d-relief-model-spiritual-wall-decor-re (4 img) -> https://cults3d.com/en/3d-model/art/angel-scroll-bas-relief-stl-file

Done. Created 2, failed 0.
 
==== Mon 07/06/2026 17:56:18.49 ==== 
[object Object]
 
==== Mon 07/06/2026 21:44:20.31 ==== 
Unpublished: 1182 | publishable: 1180 | no-file (skipped): 2 | posting this run: 2
  no-file slugs (skipped): 6-67-month-membership-last-call-for-cnc-carvers, limited-time-cnc-membership-lock-in-6-67-month
✓ angry-raven-crow-3d-relief-stl-funny-grumpy-bird-wood-grain-carving-panel-cnc-ro (4 img) -> https://cults3d.com/en/3d-model/art/angry-raven-relief-stl-for-cnc-carving
✓ antelope-pair-stl-deer-scene-carving-safari-nature-wall-art-decor-engraved-wood- (4 img) -> https://cults3d.com/en/3d-model/art/bushbuck-pair-wildlife-relief-stl-file

Done. Created 2, failed 0.
 
==== Mon 07/06/2026 21:56:19.17 ==== 
Unpublished: 1180 | publishable: 1178 | no-file (skipped): 2 | posting this run: 2
  no-file slugs (skipped): 6-67-month-membership-last-call-for-cnc-carvers, limited-time-cnc-membership-lock-in-6-67-month
✓ antelope-stl-wildlife-relief-art-bird-companion-scene-rustic-lodge-wall-decor-wo (4 img) -> https://cults3d.com/en/3d-model/art/gazelle-and-bird-bas-relief-stl
✓ antlered-deer-forest-scene-stl-buck-wildlife-relief-plaque-rustic-hunting-lodge- (4 img) -> https://cults3d.com/en/3d-model/art/grazing-buck-forest-scene-stl-file

Done. Created 2, failed 0.
 
==== Mon 07/06/2026 23:56:18.61 ==== 
Unpublished: 1177 | publishable: 1175 | no-file (skipped): 2 | posting this run: 2
  no-file slugs (skipped): 6-67-month-membership-last-call-for-cnc-carvers, limited-time-cnc-membership-lock-in-6-67-month
✓ archangel-vs-demon-3d-relief-stl-file-saint-michael-devil-slayer-cnc-carving-got (4 img) -> https://cults3d.com/en/3d-model/art/saint-michael-demon-slayer-stl-relief
✓ aries-ram-stl-bighorn-sheep-zodiac-relief-model-bighorn-sheep-cnc-model-mountain (4 img) -> https://cults3d.com/en/3d-model/art/aries-ram-zodiac-bas-relief-stl

Done. Created 2, failed 0.
 
==== Tue 07/07/2026  6:03:03.82 ==== 
^C 
==== Tue 07/07/2026  7:56:18.48 ==== 
Unpublished: 1173 | publishable: 1171 | no-file (skipped): 2 | posting this run: 2
  no-file slugs (skipped): 6-67-month-membership-last-call-for-cnc-carvers, limited-time-cnc-membership-lock-in-6-67-month
✓ atlas-stl-puppet-master-relief-mythology-wall-decor-dramatic-wood-carving-surrea (4 img) -> https://cults3d.com/en/3d-model/art/puppet-master-atlas-relief-stl-file
✓ australian-shepherd-dog-bas-relief-stl (5 img) -> https://cults3d.com/en/3d-model/art/australian-shepherd-bas-relief-stl-file

Done. Created 2, failed 0.
 
==== Tue 07/07/2026 21:53:39.57 ==== 
^C 
==== Tue 07/07/2026 21:56:17.94 ==== 
Unpublished: 1168 | publishable: 1166 | no-file (skipped): 2 | posting this run: 2
  no-file slugs (skipped): 6-67-month-membership-last-call-for-cnc-carvers, limited-time-cnc-membership-lock-in-6-67-month
✓ bald-eagle-3d-relief-stl-for-cnc-router-american-eagle-wood-carving-panel-patrio (4 img) -> https://cults3d.com/en/3d-model/art/bald-eagle-relief-stl-for-cnc-carving
✓ bald-eagle-3d-relief-stl-majestic-eagle-cnc-wood-carving-file-wildlife-wall-art- (4 img) -> https://cults3d.com/en/3d-model/art/bald-eagle-relief-stl-for-cnc-carving-digitalchiselco

Done. Created 2, failed 0.
 
==== Tue 07/07/2026 23:56:18.04 ==== 
Unpublished: 1166 | publishable: 1164 | no-file (skipped): 2 | posting this run: 2
  no-file slugs (skipped): 6-67-month-membership-last-call-for-cnc-carvers, limited-time-cnc-membership-lock-in-6-67-month
✓ bald-eagle-head-stl-3d-relief-eagle-face-close-up-cnc-carving-file-american-eagl (4 img) -> https://cults3d.com/en/3d-model/art/bald-eagle-face-relief-stl-carving-file
✓ bald-eagle-moon-3d-relief-stl-wildlife-cnc-router-wood-carving-file-eagle-wings- (4 img) -> https://cults3d.com/en/3d-model/art/bald-eagle-moon-bas-relief-stl-file

Done. Created 2, failed 0.
 
==== Wed 07/08/2026  6:29:54.59 ==== 
^C 
==== Wed 07/08/2026  7:56:18.21 ==== 
Unpublished: 1162 | publishable: 1160 | no-file (skipped): 2 | posting this run: 2
  no-file slugs (skipped): 6-67-month-membership-last-call-for-cnc-carvers, limited-time-cnc-membership-lock-in-6-67-month
✓ bald-eagle-stl-3d-relief-eagle-head-and-flying-eagle-cnc-carving-file-american-e (3 img) -> https://cults3d.com/en/3d-model/art/bald-eagle-relief-stl-carving-file
✓ bald-eagle-stl-relief-mountain-wildlife-3d-carving-file-for-cnc-router-rustic-ca (4 img) -> https://cults3d.com/en/3d-model/art/bald-eagle-relief-stl-for-cnc-carving-digitalchiselco-2

Done. Created 2, failed 0.
 
==== Wed 07/08/2026 12:48:57.16 ==== 
Unpublished: 1159 | publishable: 1157 | no-file (skipped): 2 | posting this run: 2
  no-file slugs (skipped): 6-67-month-membership-last-call-for-cnc-carvers, limited-time-cnc-membership-lock-in-6-67-month
✓ bald-eagle-trio-bas-relief-panel (5 img) -> https://cults3d.com/en/3d-model/art/bald-eagle-trio-bas-relief-stl-carving
✓ bald-eagle-vs-snake-3d-relief-stl-cnc-router-wood-carving-panel-file-predator-wi (4 img) -> https://cults3d.com/en/3d-model/art/bald-eagle-vs-snake-relief-stl-file

Done. Created 2, failed 0.
 
==== Wed 07/08/2026 13:56:18.29 ==== 
Unpublished: 1156 | publishable: 1154 | no-file (skipped): 2 | posting this run: 2
  no-file slugs (skipped): 6-67-month-membership-last-call-for-cnc-carvers, limited-time-cnc-membership-lock-in-6-67-month
✓ baptism-of-christ-3d-stl-model-for-cnc (5 img) -> https://cults3d.com/en/3d-model/art/baptism-of-christ-stl-bas-relief-carving
✓ baptism-of-jesus-in-jordan-river-stl-file (5 img) -> https://cults3d.com/en/3d-model/art/baptism-of-jesus-stl-relief-carving

Done. Created 2, failed 0.
 
==== Wed 07/08/2026 20:54:00.08 ==== 
Unpublished: 1154 | publishable: 1152 | no-file (skipped): 2 | posting this run: 2
  no-file slugs (skipped): 6-67-month-membership-last-call-for-cnc-carvers, limited-time-cnc-membership-lock-in-6-67-month
  (Cults 403 block — retry 1/3 after backoff)
  (Cults 403 block — retry 2/3 after backoff)
  (Cults 403 block — retry 3/3 after backoff)
  (Cults 403 block — retry 1/3 after backoff)
  (Cults 403 block — retry 2/3 after backoff)
  (Cults 403 block — retry 3/3 after backoff)
  (Cults 403 block — retry 1/3 after backoff)
  (Cults 403 block — retry 2/3 after backoff)
  (Cults 403 block — retry 3/3 after backoff)
  (Cults 403 block — retry 1/3 after backoff)
  (Cults 403 block — retry 2/3 after backoff)
  (Cults 403 block — retry 3/3 after backoff)
  (Cults 403 block — retry 1/3 after backoff)
  (Cults 403 block — retry 2/3 after backoff)
  (Cults 403 block — retry 3/3 after backoff)
  (Cults 403 block — retry 1/3 after backoff)
  (Cults 403 block — retry 2/3 after backoff)
  (Cults 403 block — retry 3/3 after backoff)
  (Cults 403 block — retry 1/3 after backoff)
  (Cults 403 block — retry 2/3 after backoff)
  (Cults 403 block — retry 3/3 after backoff)
✗ barn-scene-anniversary-plaque-file-nwtf-banquet-turkey-3d-relief-stl-wild-turkey: Non-JSON response (403): 
  (Cults 403 block — retry 1/3 after backoff)
  (Cults 403 block — retry 2/3 after backoff)
  (Cults 403 block — retry 3/3 after backoff)
  (Cults 403 block — retry 1/3 after backoff)
  (Cults 403 block — retry 2/3 after backoff)
  (Cults 403 block — retry 3/3 after backoff)
  (Cults 403 block — retry 1/3 after backoff)
  (Cults 403 block — retry 2/3 after backoff)
  (Cults 403 block — retry 3/3 after backoff)
  (Cults 403 block — retry 1/3 after backoff)
  (Cults 403 block — retry 2/3 after backoff)
  (Cults 403 block — retry 3/3 after backoff)
  (Cults 403 block — retry 1/3 after backoff)
  (Cults 403 block — retry 2/3 after backoff)
  (Cults 403 block — retry 3/3 after backoff)
  (Cults 403 block — retry 1/3 after backoff)
  (Cults 403 block — retry 2/3 after backoff)
  (Cults 403 block — retry 3/3 after backoff)
  (Cults 403 block — retry 1/3 after backoff)
  (Cults 403 block — retry 2/3 after backoff)
  (Cults 403 block — retry 3/3 after backoff)
✗ barnyard-pets-stl-3d-relief-cnc-carving-farmhouse-animal-collage-wall-art-panel-: Non-JSON response (403): 

Done. Created 0, failed 2.
All failures were Cults anti-bot (403/429) blocks — soft skip (not failing the run).
 
==== Wed 07/08/2026 21:56:18.07 ==== 
Unpublished: 1154 | publishable: 1152 | no-file (skipped): 2 | posting this run: 2
  no-file slugs (skipped): 6-67-month-membership-last-call-for-cnc-carvers, limited-time-cnc-membership-lock-in-6-67-month
  (Cults 403 block — retry 1/3 after backoff)
  (Cults 403 block — retry 2/3 after backoff)
  (Cults 403 block — retry 3/3 after backoff)
  (Cults 403 block — retry 1/3 after backoff)
  (Cults 403 block — retry 2/3 after backoff)
  (Cults 403 block — retry 3/3 after backoff)
  (Cults 403 block — retry 1/3 after backoff)
  (Cults 403 block — retry 2/3 after backoff)
  (Cults 403 block — retry 3/3 after backoff)
  (Cults 403 block — retry 1/3 after backoff)
  (Cults 403 block — retry 2/3 after backoff)
  (Cults 403 block — retry 3/3 after backoff)
  (Cults 403 block — retry 1/3 after backoff)
  (Cults 403 block — retry 2/3 after backoff)
  (Cults 403 block — retry 3/3 after backoff)
  (Cults 403 block — retry 1/3 after backoff)
  (Cults 403 block — retry 2/3 after backoff)
  (Cults 403 block — retry 3/3 after backoff)
  (Cults 403 block — retry 1/3 after backoff)
  (Cults 403 block — retry 2/3 after backoff)
  (Cults 403 block — retry 3/3 after backoff)
✗ barn-scene-anniversary-plaque-file-nwtf-banquet-turkey-3d-relief-stl-wild-turkey: Non-JSON response (403): 
  (Cults 403 block — retry 1/3 after backoff)
  (Cults 403 block — retry 2/3 after backoff)
  (Cults 403 block — retry 3/3 after backoff)
  (Cults 403 block — retry 1/3 after backoff)
  (Cults 403 block — retry 2/3 after backoff)
  (Cults 403 block — retry 3/3 after backoff)
  (Cults 403 block — retry 1/3 after backoff)
  (Cults 403 block — retry 2/3 after backoff)
  (Cults 403 block — retry 3/3 after backoff)
  (Cults 403 block — retry 1/3 after backoff)
  (Cults 403 block — retry 2/3 after backoff)
  (Cults 403 block — retry 3/3 after backoff)
  (Cults 403 block — retry 1/3 after backoff)
  (Cults 403 block — retry 2/3 after backoff)
  (Cults 403 block — retry 3/3 after backoff)
  (Cults 403 block — retry 1/3 after backoff)
  (Cults 403 block — retry 2/3 after backoff)
  (Cults 403 block — retry 3/3 after backoff)
  (Cults 403 block — retry 1/3 after backoff)
  (Cults 403 block — retry 2/3 after backoff)
  (Cults 403 block — retry 3/3 after backoff)
✗ barnyard-pets-stl-3d-relief-cnc-carving-farmhouse-animal-collage-wall-art-panel-: Non-JSON response (403): 

Done. Created 0, failed 2.
All failures were Cults anti-bot (403/429) blocks — soft skip (not failing the run).
 
==== Wed 07/08/2026 23:56:18.24 ==== 
Unpublished: 1153 | publishable: 1151 | no-file (skipped): 2 | posting this run: 2
  no-file slugs (skipped): 6-67-month-membership-last-call-for-cnc-carvers, limited-time-cnc-membership-lock-in-6-67-month
  (Cults 403 block — retry 1/3 after backoff)
  (Cults 403 block — retry 2/3 after backoff)
  (Cults 403 block — retry 3/3 after backoff)
  (Cults 403 block — retry 1/3 after backoff)
  (Cults 403 block — retry 2/3 after backoff)
  (Cults 403 block — retry 3/3 after backoff)
  (Cults 403 block — retry 1/3 after backoff)
  (Cults 403 block — retry 2/3 after backoff)
  (Cults 403 block — retry 3/3 after backoff)
  (Cults 403 block — retry 1/3 after backoff)
  (Cults 403 block — retry 2/3 after backoff)
  (Cults 403 block — retry 3/3 after backoff)
  (Cults 403 block — retry 1/3 after backoff)
  (Cults 403 block — retry 2/3 after backoff)
  (Cults 403 block — retry 3/3 after backoff)
  (Cults 403 block — retry 1/3 after backoff)
  (Cults 403 block — retry 2/3 after backoff)
  (Cults 403 block — retry 3/3 after backoff)
  (Cults 403 block — retry 1/3 after backoff)
  (Cults 403 block — retry 2/3 after backoff)
  (Cults 403 block — retry 3/3 after backoff)
✗ barnyard-pets-stl-3d-relief-cnc-carving-farmhouse-animal-collage-wall-art-panel-: Non-JSON response (403): 
  (Cults 403 block — retry 1/3 after backoff)
  (Cults 403 block — retry 2/3 after backoff)
  (Cults 403 block — retry 3/3 after backoff)
  (Cults 403 block — retry 1/3 after backoff)
  (Cults 403 block — retry 2/3 after backoff)
  (Cults 403 block — retry 3/3 after backoff)
  (Cults 403 block — retry 1/3 after backoff)
  (Cults 403 block — retry 2/3 after backoff)
  (Cults 403 block — retry 3/3 after backoff)
  (Cults 403 block — retry 1/3 after backoff)
  (Cults 403 block — retry 2/3 after backoff)
  (Cults 403 block — retry 3/3 after backoff)
  (Cults 403 block — retry 1/3 after backoff)
  (Cults 403 block — retry 2/3 after backoff)
  (Cults 403 block — retry 3/3 after backoff)
  (Cults 403 block — retry 1/3 after backoff)
^C 
==== Thu 07/09/2026  3:26:46.11 ==== 
 
==== Thu 07/09/2026  3:56:17.87 ==== 
Unpublished: 1152 | publishable: 1150 | no-file (skipped): 2 | posting this run: 2
  no-file slugs (skipped): 6-67-month-membership-last-call-for-cnc-carvers, limited-time-cnc-membership-lock-in-6-67-month
  (Cults 403 block — retry 1/3 after backoff)
  (Cults 403 block — retry 2/3 after backoff)
  (Cults 403 block — retry 3/3 after backoff)
  (Cults 403 block — retry 1/3 after backoff)
  (Cults 403 block — retry 2/3 after backoff)
  (Cults 403 block — retry 3/3 after backoff)
  (Cults 403 block — retry 1/3 after backoff)
  (Cults 403 block — retry 2/3 after backoff)
  (Cults 403 block — retry 3/3 after backoff)
  (Cults 403 block — retry 1/3 after backoff)
  (Cults 403 block — retry 2/3 after backoff)
  (Cults 403 block — retry 3/3 after backoff)
  (Cults 403 block — retry 1/3 after backoff)
  (Cults 403 block — retry 2/3 after backoff)
  (Cults 403 block — retry 3/3 after backoff)
  (Cults 403 block — retry 1/3 after backoff)
  (Cults 403 block — retry 2/3 after backoff)
  (Cults 403 block — retry 3/3 after backoff)
  (Cults 403 block — retry 1/3 after backoff)
  (Cults 403 block — retry 2/3 after backoff)
  (Cults 403 block — retry 3/3 after backoff)
✗ baroque-acanthus-floral-ornament-3d-relief-stl-vintage-scrollwork-wood-carving-p: Non-JSON response (403): 
  (Cults 403 block — retry 1/3 after backoff)
  (Cults 403 block — retry 2/3 after backoff)
  (Cults 403 block — retry 3/3 after backoff)
  (Cults 403 block — retry 1/3 after backoff)
  (Cults 403 block — retry 2/3 after backoff)
  (Cults 403 block — retry 3/3 after backoff)
  (Cults 403 block — retry 1/3 after backoff)
  (Cults 403 block — retry 2/3 after backoff)
  (Cults 403 block — retry 3/3 after backoff)
  (Cults 403 block — retry 1/3 after backoff)
  (Cults 403 block — retry 2/3 after backoff)
  (Cults 403 block — retry 3/3 after backoff)
  (Cults 403 block — retry 1/3 after backoff)
  (Cults 403 block — retry 2/3 after backoff)
  (Cults 403 block — retry 3/3 after backoff)
  (Cults 403 block — retry 1/3 after backoff)
  (Cults 403 block — retry 2/3 after backoff)
  (Cults 403 block — retry 3/3 after backoff)
  (Cults 403 block — retry 1/3 after backoff)
  (Cults 403 block — retry 2/3 after backoff)
  (Cults 403 block — retry 3/3 after backoff)
✗ baseball-scene-stl-stadium-carving-relief-baseball-room-wall-art-decor-sports-wa: Non-JSON response (403): 

Done. Created 0, failed 2.
All failures were Cults anti-bot (403/429) blocks — soft skip (not failing the run).
 
==== Thu 07/09/2026  5:56:18.32 ==== 
Unpublished: 1151 | publishable: 1149 | no-file (skipped): 2 | posting this run: 2
  no-file slugs (skipped): 6-67-month-membership-last-call-for-cnc-carvers, limited-time-cnc-membership-lock-in-6-67-month
  (Cults 403 block — retry 1/3 after backoff)
  (Cults 403 block — retry 2/3 after backoff)
  (Cults 403 block — retry 3/3 after backoff)
  (Cults 403 block — retry 1/3 after backoff)
  (Cults 403 block — retry 2/3 after backoff)
  (Cults 403 block — retry 3/3 after backoff)
  (Cults 403 block — retry 1/3 after backoff)
  (Cults 403 block — retry 2/3 after backoff)
  (Cults 403 block — retry 3/3 after backoff)
  (Cults 403 block — retry 1/3 after backoff)
  (Cults 403 block — retry 2/3 after backoff)
  (Cults 403 block — retry 3/3 after backoff)
  (Cults 403 block — retry 1/3 after backoff)
  (Cults 403 block — retry 2/3 after backoff)
  (Cults 403 block — retry 3/3 after backoff)
  (Cults 403 block — retry 1/3 after backoff)
  (Cults 403 block — retry 2/3 after backoff)
  (Cults 403 block — retry 3/3 after backoff)
  (Cults 403 block — retry 1/3 after backoff)
  (Cults 403 block — retry 2/3 after backoff)
  (Cults 403 block — retry 3/3 after backoff)
✗ baseball-scene-stl-stadium-carving-relief-baseball-room-wall-art-decor-sports-wa: Non-JSON response (403): 
  (Cults 403 block — retry 1/3 after backoff)
  (Cults 403 block — retry 2/3 after backoff)
  (Cults 403 block — retry 3/3 after backoff)
  (Cults 403 block — retry 1/3 after backoff)
  (Cults 403 block — retry 2/3 after backoff)
  (Cults 403 block — retry 3/3 after backoff)
  (Cults 403 block — retry 1/3 after backoff)
  (Cults 403 block — retry 2/3 after backoff)
  (Cults 403 block — retry 3/3 after backoff)
  (Cults 403 block — retry 1/3 after backoff)
  (Cults 403 block — retry 2/3 after backoff)
  (Cults 403 block — retry 3/3 after backoff)
  (Cults 403 block — retry 1/3 after backoff)
  (Cults 403 block — retry 2/3 after backoff)
  (Cults 403 block — retry 3/3 after backoff)
  (Cults 403 block — retry 1/3 after backoff)
  (Cults 403 block — retry 2/3 after backoff)
  (Cults 403 block — retry 3/3 after backoff)
  (Cults 403 block — retry 1/3 after backoff)
  (Cults 403 block — retry 2/3 after backoff)
  (Cults 403 block — retry 3/3 after backoff)
✗ baseball-stl-glove-ball-relief-sports-wall-decor-floral-accent-artwork-wood-carv: Non-JSON response (403): 

Done. Created 0, failed 2.
All failures were Cults anti-bot (403/429) blocks — soft skip (not failing the run).
 
==== Thu 07/09/2026  7:56:18.64 ==== 
Unpublished: 1151 | publishable: 1149 | no-file (skipped): 2 | posting this run: 2
  no-file slugs (skipped): 6-67-month-membership-last-call-for-cnc-carvers, limited-time-cnc-membership-lock-in-6-67-month
  (Cults 403 block — retry 1/3 after backoff)
  (Cults 403 block — retry 2/3 after backoff)
  (Cults 403 block — retry 3/3 after backoff)
  (Cults 403 block — retry 1/3 after backoff)
  (Cults 403 block — retry 2/3 after backoff)
  (Cults 403 block — retry 3/3 after backoff)
  (Cults 403 block — retry 1/3 after backoff)
  (Cults 403 block — retry 2/3 after backoff)
  (Cults 403 block — retry 3/3 after backoff)
  (Cults 403 block — retry 1/3 after backoff)
  (Cults 403 block — retry 2/3 after backoff)
  (Cults 403 block — retry 3/3 after backoff)
  (Cults 403 block — retry 1/3 after backoff)
  (Cults 403 block — retry 2/3 after backoff)
  (Cults 403 block — retry 3/3 after backoff)
  (Cults 403 block — retry 1/3 after backoff)
  (Cults 403 block — retry 2/3 after backoff)
  (Cults 403 block — retry 3/3 after backoff)
  (Cults 403 block — retry 1/3 after backoff)
  (Cults 403 block — retry 2/3 after backoff)
  (Cults 403 block — retry 3/3 after backoff)
✗ baseball-scene-stl-stadium-carving-relief-baseball-room-wall-art-decor-sports-wa: Non-JSON response (403): 
  (Cults 403 block — retry 1/3 after backoff)
  (Cults 403 block — retry 2/3 after backoff)
  (Cults 403 block — retry 3/3 after backoff)
  (Cults 403 block — retry 1/3 after backoff)
  (Cults 403 block — retry 2/3 after backoff)
  (Cults 403 block — retry 3/3 after backoff)
  (Cults 403 block — retry 1/3 after backoff)
  (Cults 403 block — retry 2/3 after backoff)
  (Cults 403 block — retry 3/3 after backoff)
  (Cults 403 block — retry 1/3 after backoff)
  (Cults 403 block — retry 2/3 after backoff)
  (Cults 403 block — retry 3/3 after backoff)
  (Cults 403 block — retry 1/3 after backoff)
  (Cults 403 block — retry 2/3 after backoff)
  (Cults 403 block — retry 3/3 after backoff)
  (Cults 403 block — retry 1/3 after backoff)
  (Cults 403 block — retry 2/3 after backoff)
  (Cults 403 block — retry 3/3 after backoff)
  (Cults 403 block — retry 1/3 after backoff)
  (Cults 403 block — retry 2/3 after backoff)
  (Cults 403 block — retry 3/3 after backoff)
✗ baseball-stl-glove-ball-relief-sports-wall-decor-floral-accent-artwork-wood-carv: Non-JSON response (403): 

Done. Created 0, failed 2.
All failures were Cults anti-bot (403/429) blocks — soft skip (not failing the run).
 
==== Thu 07/09/2026 17:34:50.27 ==== 
^C 
==== Thu 07/09/2026 17:56:18.16 ==== 
Unpublished: 1150 | publishable: 1148 | no-file (skipped): 2 | posting this run: 2
  no-file slugs (skipped): 6-67-month-membership-last-call-for-cnc-carvers, limited-time-cnc-membership-lock-in-6-67-month
  (Cults 403 block — retry 1/3 after backoff)
  (Cults 403 block — retry 2/3 after backoff)
  (Cults 403 block — retry 3/3 after backoff)
  (Cults 403 block — retry 1/3 after backoff)
  (Cults 403 block — retry 2/3 after backoff)
  (Cults 403 block — retry 3/3 after backoff)
  (Cults 403 block — retry 1/3 after backoff)
  (Cults 403 block — retry 2/3 after backoff)
  (Cults 403 block — retry 3/3 after backoff)
  (Cults 403 block — retry 1/3 after backoff)
^C 
==== Thu 07/09/2026 19:56:18.25 ==== 
Unpublished: 1150 | publishable: 1148 | no-file (skipped): 2 | posting this run: 2
  no-file slugs (skipped): 6-67-month-membership-last-call-for-cnc-carvers, limited-time-cnc-membership-lock-in-6-67-month
  (Cults 403 block — retry 1/3 after backoff)
  (Cults 403 block — retry 2/3 after backoff)
  (Cults 403 block — retry 3/3 after backoff)
  (Cults 403 block — retry 1/3 after backoff)
  (Cults 403 block — retry 2/3 after backoff)
  (Cults 403 block — retry 3/3 after backoff)
  (Cults 403 block — retry 1/3 after backoff)
  (Cults 403 block — retry 2/3 after backoff)
  (Cults 403 block — retry 3/3 after backoff)
  (Cults 403 block — retry 1/3 after backoff)
  (Cults 403 block — retry 2/3 after backoff)
  (Cults 403 block — retry 3/3 after backoff)
  (Cults 403 block — retry 1/3 after backoff)
  (Cults 403 block — retry 2/3 after backoff)
  (Cults 403 block — retry 3/3 after backoff)
  (Cults 403 block — retry 1/3 after backoff)
  (Cults 403 block — retry 2/3 after backoff)
  (Cults 403 block — retry 3/3 after backoff)
  (Cults 403 block — retry 1/3 after backoff)
  (Cults 403 block — retry 2/3 after backoff)
  (Cults 403 block — retry 3/3 after backoff)
✗ baseball-stl-glove-ball-relief-sports-wall-decor-floral-accent-artwork-wood-carv: Non-JSON response (403): 
  (Cults 403 block — retry 1/3 after backoff)
  (Cults 403 block — retry 2/3 after backoff)
  (Cults 403 block — retry 3/3 after backoff)
  (Cults 403 block — retry 1/3 after backoff)
  (Cults 403 block — retry 2/3 after backoff)
  (Cults 403 block — retry 3/3 after backoff)
  (Cults 403 block — retry 1/3 after backoff)
  (Cults 403 block — retry 2/3 after backoff)
  (Cults 403 block — retry 3/3 after backoff)
  (Cults 403 block — retry 1/3 after backoff)
  (Cults 403 block — retry 2/3 after backoff)
  (Cults 403 block — retry 3/3 after backoff)
  (Cults 403 block — retry 1/3 after backoff)
  (Cults 403 block — retry 2/3 after backoff)
  (Cults 403 block — retry 3/3 after backoff)
  (Cults 403 block — retry 1/3 after backoff)
  (Cults 403 block — retry 2/3 after backoff)
  (Cults 403 block — retry 3/3 after backoff)
  (Cults 403 block — retry 1/3 after backoff)
  (Cults 403 block — retry 2/3 after backoff)
  (Cults 403 block — retry 3/3 after backoff)
✗ bass-and-crawfish-relief-stl-cnc-router-3d-carving-file-fishing-scene-wood-grain: Non-JSON response (403): 

Done. Created 0, failed 2.
All failures were Cults anti-bot (403/429) blocks — soft skip (not failing the run).
 
==== Thu 07/09/2026 21:56:18.26 ==== 
Unpublished: 1149 | publishable: 1147 | no-file (skipped): 2 | posting this run: 2
  no-file slugs (skipped): 6-67-month-membership-last-call-for-cnc-carvers, limited-time-cnc-membership-lock-in-6-67-month
  (Cults 403 block — retry 1/3 after backoff)
  (Cults 403 block — retry 2/3 after backoff)
  (Cults 403 block — retry 3/3 after backoff)
^C 
==== Thu 07/09/2026 23:56:18.05 ==== 
Unpublished: 1149 | publishable: 1147 | no-file (skipped): 2 | posting this run: 2
  no-file slugs (skipped): 6-67-month-membership-last-call-for-cnc-carvers, limited-time-cnc-membership-lock-in-6-67-month
  (Cults 403 block — retry 1/3 after backoff)
  (Cults 403 block — retry 2/3 after backoff)
  (Cults 403 block — retry 3/3 after backoff)
  (Cults 403 block — retry 1/3 after backoff)
  (Cults 403 block — retry 2/3 after backoff)
  (Cults 403 block — retry 3/3 after backoff)
  (Cults 403 block — retry 1/3 after backoff)
  (Cults 403 block — retry 2/3 after backoff)
  (Cults 403 block — retry 3/3 after backoff)
  (Cults 403 block — retry 1/3 after backoff)
  (Cults 403 block — retry 2/3 after backoff)
  (Cults 403 block — retry 3/3 after backoff)
  (Cults 403 block — retry 1/3 after backoff)
  (Cults 403 block — retry 2/3 after backoff)
  (Cults 403 block — retry 3/3 after backoff)
  (Cults 403 block — retry 1/3 after backoff)
  (Cults 403 block — retry 2/3 after backoff)
  (Cults 403 block — retry 3/3 after backoff)
  (Cults 403 block — retry 1/3 after backoff)
  (Cults 403 block — retry 2/3 after backoff)
  (Cults 403 block — retry 3/3 after backoff)
✗ bass-and-crawfish-relief-stl-cnc-router-3d-carving-file-fishing-scene-wood-grain: Non-JSON response (403): 
  (Cults 403 block — retry 1/3 after backoff)
  (Cults 403 block — retry 2/3 after backoff)
  (Cults 403 block — retry 3/3 after backoff)
  (Cults 403 block — retry 1/3 after backoff)
  (Cults 403 block — retry 2/3 after backoff)
  (Cults 403 block — retry 3/3 after backoff)
  (Cults 403 block — retry 1/3 after backoff)
  (Cults 403 block — retry 2/3 after backoff)
  (Cults 403 block — retry 3/3 after backoff)
  (Cults 403 block — retry 1/3 after backoff)
  (Cults 403 block — retry 2/3 after backoff)
  (Cults 403 block — retry 3/3 after backoff)
  (Cults 403 block — retry 1/3 after backoff)
  (Cults 403 block — retry 2/3 after backoff)
  (Cults 403 block — retry 3/3 after backoff)
  (Cults 403 block — retry 1/3 after backoff)
  (Cults 403 block — retry 2/3 after backoff)
  (Cults 403 block — retry 3/3 after backoff)
✗ bass-fish-3d-relief-stl-file-big-mouth-fish-wood-grain-cnc-carving-fishing-wall-: Non-JSON response (403): 

Done. Created 0, failed 2.
All failures were Cults anti-bot (403/429) blocks — soft skip (not failing the run).
 
==== Fri 07/10/2026  9:27:03.21 ==== 
^C 
==== Fri 07/10/2026  9:56:17.97 ==== 
Unpublished: 1147 | publishable: 1145 | no-file (skipped): 2 | posting this run: 2
  no-file slugs (skipped): 6-67-month-membership-last-call-for-cnc-carvers, limited-time-cnc-membership-lock-in-6-67-month
✓ bass-fish-3d-relief-stl-file-jumping-largemouth-bass-wood-grain-cnc-carving-fish (4 img) -> https://cults3d.com/en/3d-model/art/largemouth-bass-relief-stl-file-for-cnc
✓ bass-fish-3d-relief-stl-mountain-lake-scene-panel-cnc-router-carving-file-aspire (4 img) -> https://cults3d.com/en/3d-model/art/largemouth-bass-relief-stl-carving-file

Done. Created 2, failed 0.
 
==== Fri 07/10/2026 11:56:18.77 ==== 
Unpublished: 1145 | publishable: 1143 | no-file (skipped): 2 | posting this run: 2
  no-file slugs (skipped): 6-67-month-membership-last-call-for-cnc-carvers, limited-time-cnc-membership-lock-in-6-67-month
✓ bass-fish-and-crab-3d-relief-stl-for-cnc-router-fishing-wood-carving-panel-lakep (4 img) -> https://cults3d.com/en/3d-model/art/redfish-and-crab-relief-stl-for-cnc
✓ bass-fish-buck-outdoor-cnc-relief-stl (8 img) -> https://cults3d.com/en/3d-model/art/bass-fishing-lake-scene-relief-stl

Done. Created 2, failed 0.
 
==== Fri 07/10/2026 13:56:17.81 ==== 
^C 
==== Fri 07/10/2026 15:56:18.07 ==== 
Unpublished: 1142 | publishable: 1140 | no-file (skipped): 2 | posting this run: 2
  no-file slugs (skipped): 6-67-month-membership-last-call-for-cnc-carvers, limited-time-cnc-membership-lock-in-6-67-month
  (Cults 403 block — retry 1/3 after backoff)
  (Cults 403 block — retry 2/3 after backoff)
  (Cults 403 block — retry 3/3 after backoff)
  (Cults 403 block — retry 1/3 after backoff)
  (Cults 403 block — retry 2/3 after backoff)
  (Cults 403 block — retry 3/3 after backoff)
  (Cults 403 block — retry 1/3 after backoff)
  (Cults 403 block — retry 2/3 after backoff)
  (Cults 403 block — retry 3/3 after backoff)
  (Cults 403 block — retry 1/3 after backoff)
  (Cults 403 block — retry 2/3 after backoff)
  (Cults 403 block — retry 3/3 after backoff)
  (Cults 403 block — retry 1/3 after backoff)
  (Cults 403 block — retry 2/3 after backoff)
  (Cults 403 block — retry 3/3 after backoff)
  (Cults 403 block — retry 1/3 after backoff)
  (Cults 403 block — retry 2/3 after backoff)
  (Cults 403 block — retry 3/3 after backoff)
✗ bass-fishing-3d-relief-stl-file-fish-and-lure-wood-grain-cnc-carving-underwater-: Non-JSON response (403): 
  (Cults 403 block — retry 1/3 after backoff)
  (Cults 403 block — retry 2/3 after backoff)
  (Cults 403 block — retry 3/3 after backoff)
  (Cults 403 block — retry 1/3 after backoff)
  (Cults 403 block — retry 2/3 after backoff)
  (Cults 403 block — retry 3/3 after backoff)
  (Cults 403 block — retry 1/3 after backoff)
  (Cults 403 block — retry 2/3 after backoff)
  (Cults 403 block — retry 3/3 after backoff)
  (Cults 403 block — retry 1/3 after backoff)
  (Cults 403 block — retry 2/3 after backoff)
  (Cults 403 block — retry 3/3 after backoff)
  (Cults 403 block — retry 1/3 after backoff)
  (Cults 403 block — retry 2/3 after backoff)
  (Cults 403 block — retry 3/3 after backoff)
  (Cults 403 block — retry 1/3 after backoff)
  (Cults 403 block — retry 2/3 after backoff)
  (Cults 403 block — retry 3/3 after backoff)
  (Cults 403 block — retry 1/3 after backoff)
  (Cults 403 block — retry 2/3 after backoff)
  (Cults 403 block — retry 3/3 after backoff)
✗ bass-fishing-3d-relief-stl-lake-scene-with-boat-mountains-and-two-fish-panel-cnc: Non-JSON response (403): 

Done. Created 0, failed 2.
All failures were Cults anti-bot (403/429) blocks — soft skip (not failing the run).
 
==== Fri 07/10/2026 17:56:18.09 ==== 
Unpublished: 1142 | publishable: 1140 | no-file (skipped): 2 | posting this run: 2
  no-file slugs (skipped): 6-67-month-membership-last-call-for-cnc-carvers, limited-time-cnc-membership-lock-in-6-67-month
  (Cults 403 block — retry 1/3 after backoff)
  (Cults 403 block — retry 2/3 after backoff)
  (Cults 403 block — retry 3/3 after backoff)
  (Cults 403 block — retry 1/3 after backoff)
  (Cults 403 block — retry 2/3 after backoff)
  (Cults 403 block — retry 3/3 after backoff)
  (Cults 403 block — retry 1/3 after backoff)
  (Cults 403 block — retry 2/3 after backoff)
  (Cults 403 block — retry 3/3 after backoff)
  (Cults 403 block — retry 1/3 after backoff)
  (Cults 403 block — retry 2/3 after backoff)
  (Cults 403 block — retry 3/3 after backoff)
  (Cults 403 block — retry 1/3 after backoff)
  (Cults 403 block — retry 2/3 after backoff)
  (Cults 403 block — retry 3/3 after backoff)
  (Cults 403 block — retry 1/3 after backoff)
  (Cults 403 block — retry 2/3 after backoff)
  (Cults 403 block — retry 3/3 after backoff)
✗ bass-fishing-3d-relief-stl-file-fish-and-lure-wood-grain-cnc-carving-underwater-: Non-JSON response (403): 
  (Cults 403 block — retry 1/3 after backoff)
  (Cults 403 block — retry 2/3 after backoff)
  (Cults 403 block — retry 3/3 after backoff)
  (Cults 403 block — retry 1/3 after backoff)
  (Cults 403 block — retry 2/3 after backoff)
  (Cults 403 block — retry 3/3 after backoff)
  (Cults 403 block — retry 1/3 after backoff)
  (Cults 403 block — retry 2/3 after backoff)
  (Cults 403 block — retry 3/3 after backoff)
  (Cults 403 block — retry 1/3 after backoff)
  (Cults 403 block — retry 2/3 after backoff)
  (Cults 403 block — retry 3/3 after backoff)
  (Cults 403 block — retry 1/3 after backoff)
  (Cults 403 block — retry 2/3 after backoff)
  (Cults 403 block — retry 3/3 after backoff)
  (Cults 403 block — retry 1/3 after backoff)
  (Cults 403 block — retry 2/3 after backoff)
  (Cults 403 block — retry 3/3 after backoff)
  (Cults 403 block — retry 1/3 after backoff)
  (Cults 403 block — retry 2/3 after backoff)
  (Cults 403 block — retry 3/3 after backoff)
✗ bass-fishing-3d-relief-stl-lake-scene-with-boat-mountains-and-two-fish-panel-cnc: Non-JSON response (403): 

Done. Created 0, failed 2.
All failures were Cults anti-bot (403/429) blocks — soft skip (not failing the run).
 
==== Fri 07/10/2026 19:56:18.09 ==== 
Unpublished: 1142 | publishable: 1140 | no-file (skipped): 2 | posting this run: 2
  no-file slugs (skipped): 6-67-month-membership-last-call-for-cnc-carvers, limited-time-cnc-membership-lock-in-6-67-month
  (Cults 403 block — retry 1/3 after backoff)
  (Cults 403 block — retry 2/3 after backoff)
  (Cults 403 block — retry 3/3 after backoff)
  (Cults 403 block — retry 1/3 after backoff)
  (Cults 403 block — retry 2/3 after backoff)
  (Cults 403 block — retry 3/3 after backoff)
  (Cults 403 block — retry 1/3 after backoff)
  (Cults 403 block — retry 2/3 after backoff)
  (Cults 403 block — retry 3/3 after backoff)
  (Cults 403 block — retry 1/3 after backoff)
  (Cults 403 block — retry 2/3 after backoff)
  (Cults 403 block — retry 3/3 after backoff)
  (Cults 403 block — retry 1/3 after backoff)
  (Cults 403 block — retry 2/3 after backoff)
  (Cults 403 block — retry 3/3 after backoff)
  (Cults 403 block — retry 1/3 after backoff)
  (Cults 403 block — retry 2/3 after backoff)
  (Cults 403 block — retry 3/3 after backoff)
✗ bass-fishing-3d-relief-stl-file-fish-and-lure-wood-grain-cnc-carving-underwater-: Non-JSON response (403): 
  (Cults 403 block — retry 1/3 after backoff)
  (Cults 403 block — retry 2/3 after backoff)
  (Cults 403 block — retry 3/3 after backoff)
  (Cults 403 block — retry 1/3 after backoff)
  (Cults 403 block — retry 2/3 after backoff)
  (Cults 403 block — retry 3/3 after backoff)
  (Cults 403 block — retry 1/3 after backoff)
  (Cults 403 block — retry 2/3 after backoff)
  (Cults 403 block — retry 3/3 after backoff)
  (Cults 403 block — retry 1/3 after backoff)
  (Cults 403 block — retry 2/3 after backoff)
  (Cults 403 block — retry 3/3 after backoff)
  (Cults 403 block — retry 1/3 after backoff)
  (Cults 403 block — retry 2/3 after backoff)
  (Cults 403 block — retry 3/3 after backoff)
  (Cults 403 block — retry 1/3 after backoff)
  (Cults 403 block — retry 2/3 after backoff)
  (Cults 403 block — retry 3/3 after backoff)
  (Cults 403 block — retry 1/3 after backoff)
  (Cults 403 block — retry 2/3 after backoff)
  (Cults 403 block — retry 3/3 after backoff)
✗ bass-fishing-3d-relief-stl-lake-scene-with-boat-mountains-and-two-fish-panel-cnc: Non-JSON response (403): 

Done. Created 0, failed 2.
All failures were Cults anti-bot (403/429) blocks — soft skip (not failing the run).
 
==== Fri 07/10/2026 21:56:18.98 ==== 
Unpublished: 1141 | publishable: 1139 | no-file (skipped): 2 | posting this run: 2
  no-file slugs (skipped): 6-67-month-membership-last-call-for-cnc-carvers, limited-time-cnc-membership-lock-in-6-67-month
  (Cults 403 block — retry 1/3 after backoff)
  (Cults 403 block — retry 2/3 after backoff)
  (Cults 403 block — retry 3/3 after backoff)
  (Cults 403 block — retry 1/3 after backoff)
  (Cults 403 block — retry 2/3 after backoff)
  (Cults 403 block — retry 3/3 after backoff)
  (Cults 403 block — retry 1/3 after backoff)
  (Cults 403 block — retry 2/3 after backoff)
  (Cults 403 block — retry 3/3 after backoff)
  (Cults 403 block — retry 1/3 after backoff)
  (Cults 403 block — retry 2/3 after backoff)
  (Cults 403 block — retry 3/3 after backoff)
  (Cults 403 block — retry 1/3 after backoff)
  (Cults 403 block — retry 2/3 after backoff)
  (Cults 403 block — retry 3/3 after backoff)
  (Cults 403 block — retry 1/3 after backoff)
  (Cults 403 block — retry 2/3 after backoff)
  (Cults 403 block — retry 3/3 after backoff)
  (Cults 403 block — retry 1/3 after backoff)
  (Cults 403 block — retry 2/3 after backoff)
  (Cults 403 block — retry 3/3 after backoff)
✗ bass-fishing-3d-relief-stl-lake-scene-with-boat-mountains-and-two-fish-panel-cnc: Non-JSON response (403): 
  (Cults 403 block — retry 1/3 after backoff)
  (Cults 403 block — retry 2/3 after backoff)
  (Cults 403 block — retry 3/3 after backoff)
  (Cults 403 block — retry 1/3 after backoff)
  (Cults 403 block — retry 2/3 after backoff)
  (Cults 403 block — retry 3/3 after backoff)
  (Cults 403 block — retry 1/3 after backoff)
  (Cults 403 block — retry 2/3 after backoff)
  (Cults 403 block — retry 3/3 after backoff)
  (Cults 403 block — retry 1/3 after backoff)
  (Cults 403 block — retry 2/3 after backoff)
  (Cults 403 block — retry 3/3 after backoff)
  (Cults 403 block — retry 1/3 after backoff)
  (Cults 403 block — retry 2/3 after backoff)
  (Cults 403 block — retry 3/3 after backoff)
  (Cults 403 block — retry 1/3 after backoff)
  (Cults 403 block — retry 2/3 after backoff)
  (Cults 403 block — retry 3/3 after backoff)
  (Cults 403 block — retry 1/3 after backoff)
  (Cults 403 block — retry 2/3 after backoff)
  (Cults 403 block — retry 3/3 after backoff)
✗ bass-fishing-crossed-rods-3d-relief-stl-fish-and-tackle-wood-carving-panel-man-c: Non-JSON response (403): 

Done. Created 0, failed 2.
All failures were Cults anti-bot (403/429) blocks — soft skip (not failing the run).
 
==== Sat 07/11/2026  7:59:22.19 ==== 
Unpublished: 1138 | publishable: 1136 | no-file (skipped): 2 | posting this run: 2
  no-file slugs (skipped): 6-67-month-membership-last-call-for-cnc-carvers, limited-time-cnc-membership-lock-in-6-67-month
  (Cults 403 block — retry 1/3 after backoff)
  (Cults 403 block — retry 2/3 after backoff)
  (Cults 403 block — retry 3/3 after backoff)
  (Cults 403 block — retry 1/3 after backoff)
  (Cults 403 block — retry 2/3 after backoff)
  (Cults 403 block — retry 3/3 after backoff)
  (Cults 403 block — retry 1/3 after backoff)
  (Cults 403 block — retry 2/3 after backoff)
  (Cults 403 block — retry 3/3 after backoff)
  (Cults 403 block — retry 1/3 after backoff)
  (Cults 403 block — retry 2/3 after backoff)
  (Cults 403 block — retry 3/3 after backoff)
  (Cults 403 block — retry 1/3 after backoff)
  (Cults 403 block — retry 2/3 after backoff)
  (Cults 403 block — retry 3/3 after backoff)
  (Cults 403 block — retry 1/3 after backoff)
  (Cults 403 block — retry 2/3 after backoff)
  (Cults 403 block — retry 3/3 after backoff)
  (Cults 403 block — retry 1/3 after backoff)
  (Cults 403 block — retry 2/3 after backoff)
  (Cults 403 block — retry 3/3 after backoff)
✗ bass-fishing-tackle-stl-rod-reel-lure-box-wall-plaque-lake-cabin-decor-bass-fish: Non-JSON response (403): 
  (Cults 403 block — retry 1/3 after backoff)
  (Cults 403 block — retry 2/3 after backoff)
  (Cults 403 block — retry 3/3 after backoff)
  (Cults 403 block — retry 1/3 after backoff)
  (Cults 403 block — retry 2/3 after backoff)
  (Cults 403 block — retry 3/3 after backoff)
  (Cults 403 block — retry 1/3 after backoff)
  (Cults 403 block — retry 2/3 after backoff)
  (Cults 403 block — retry 3/3 after backoff)
  (Cults 403 block — retry 1/3 after backoff)
  (Cults 403 block — retry 2/3 after backoff)
  (Cults 403 block — retry 3/3 after backoff)
  (Cults 403 block — retry 1/3 after backoff)
  (Cults 403 block — retry 2/3 after backoff)
  (Cults 403 block — retry 3/3 after backoff)
  (Cults 403 block — retry 1/3 after backoff)
  (Cults 403 block — retry 2/3 after backoff)
  (Cults 403 block — retry 3/3 after backoff)
  (Cults 403 block — retry 1/3 after backoff)
  (Cults 403 block — retry 2/3 after backoff)
  (Cults 403 block — retry 3/3 after backoff)
✗ bastet-cat-relief-stl-egyptian-hieroglyph-cnc-carving-sacred-feline-wall-art-pla: Non-JSON response (403): 

Done. Created 0, failed 2.
All failures were Cults anti-bot (403/429) blocks — soft skip (not failing the run).
 
==== Sat 07/11/2026  9:56:18.09 ==== 
Unpublished: 1138 | publishable: 1136 | no-file (skipped): 2 | posting this run: 2
  no-file slugs (skipped): 6-67-month-membership-last-call-for-cnc-carvers, limited-time-cnc-membership-lock-in-6-67-month
  (Cults 403 block — retry 1/3 after backoff)
  (Cults 403 block — retry 2/3 after backoff)
  (Cults 403 block — retry 3/3 after backoff)
  (Cults 403 block — retry 1/3 after backoff)
  (Cults 403 block — retry 2/3 after backoff)
  (Cults 403 block — retry 3/3 after backoff)
  (Cults 403 block — retry 1/3 after backoff)
  (Cults 403 block — retry 2/3 after backoff)
  (Cults 403 block — retry 3/3 after backoff)
  (Cults 403 block — retry 1/3 after backoff)
  (Cults 403 block — retry 2/3 after backoff)
  (Cults 403 block — retry 3/3 after backoff)
  (Cults 403 block — retry 1/3 after backoff)
  (Cults 403 block — retry 2/3 after backoff)
  (Cults 403 block — retry 3/3 after backoff)
  (Cults 403 block — retry 1/3 after backoff)
  (Cults 403 block — retry 2/3 after backoff)
  (Cults 403 block — retry 3/3 after backoff)
  (Cults 403 block — retry 1/3 after backoff)
  (Cults 403 block — retry 2/3 after backoff)
  (Cults 403 block — retry 3/3 after backoff)
✗ bass-fishing-tackle-stl-rod-reel-lure-box-wall-plaque-lake-cabin-decor-bass-fish: Non-JSON response (403): 
  (Cults 403 block — retry 1/3 after backoff)
  (Cults 403 block — retry 2/3 after backoff)
  (Cults 403 block — retry 3/3 after backoff)
  (Cults 403 block — retry 1/3 after backoff)
  (Cults 403 block — retry 2/3 after backoff)
  (Cults 403 block — retry 3/3 after backoff)
  (Cults 403 block — retry 1/3 after backoff)
  (Cults 403 block — retry 2/3 after backoff)
  (Cults 403 block — retry 3/3 after backoff)
  (Cults 403 block — retry 1/3 after backoff)
  (Cults 403 block — retry 2/3 after backoff)
  (Cults 403 block — retry 3/3 after backoff)
  (Cults 403 block — retry 1/3 after backoff)
  (Cults 403 block — retry 2/3 after backoff)
  (Cults 403 block — retry 3/3 after backoff)
  (Cults 403 block — retry 1/3 after backoff)
  (Cults 403 block — retry 2/3 after backoff)
  (Cults 403 block — retry 3/3 after backoff)
  (Cults 403 block — retry 1/3 after backoff)
  (Cults 403 block — retry 2/3 after backoff)
  (Cults 403 block — retry 3/3 after backoff)
✗ bastet-cat-relief-stl-egyptian-hieroglyph-cnc-carving-sacred-feline-wall-art-pla: Non-JSON response (403): 

Done. Created 0, failed 2.
All failures were Cults anti-bot (403/429) blocks — soft skip (not failing the run).
 
==== Sat 07/11/2026 11:56:18.10 ==== 
Unpublished: 1137 | publishable: 1135 | no-file (skipped): 2 | posting this run: 2
  no-file slugs (skipped): 6-67-month-membership-last-call-for-cnc-carvers, limited-time-cnc-membership-lock-in-6-67-month
  (Cults 403 block — retry 1/3 after backoff)
  (Cults 403 block — retry 2/3 after backoff)
  (Cults 403 block — retry 3/3 after backoff)
  (Cults 403 block — retry 1/3 after backoff)
  (Cults 403 block — retry 2/3 after backoff)
  (Cults 403 block — retry 3/3 after backoff)
  (Cults 403 block — retry 1/3 after backoff)
  (Cults 403 block — retry 2/3 after backoff)
  (Cults 403 block — retry 3/3 after backoff)
  (Cults 403 block — retry 1/3 after backoff)
  (Cults 403 block — retry 2/3 after backoff)
  (Cults 403 block — retry 3/3 after backoff)
  (Cults 403 block — retry 1/3 after backoff)
  (Cults 403 block — retry 2/3 after backoff)
  (Cults 403 block — retry 3/3 after backoff)
  (Cults 403 block — retry 1/3 after backoff)
  (Cults 403 block — retry 2/3 after backoff)
  (Cults 403 block — retry 3/3 after backoff)
  (Cults 403 block — retry 1/3 after backoff)
  (Cults 403 block — retry 2/3 after backoff)
  (Cults 403 block — retry 3/3 after backoff)
✗ bastet-cat-relief-stl-egyptian-hieroglyph-cnc-carving-sacred-feline-wall-art-pla: Non-JSON response (403): 
  (Cults 403 block — retry 1/3 after backoff)
  (Cults 403 block — retry 2/3 after backoff)
  (Cults 403 block — retry 3/3 after backoff)
  (Cults 403 block — retry 1/3 after backoff)
  (Cults 403 block — retry 2/3 after backoff)
  (Cults 403 block — retry 3/3 after backoff)
  (Cults 403 block — retry 1/3 after backoff)
  (Cults 403 block — retry 2/3 after backoff)
  (Cults 403 block — retry 3/3 after backoff)
  (Cults 403 block — retry 1/3 after backoff)
  (Cults 403 block — retry 2/3 after backoff)
  (Cults 403 block — retry 3/3 after backoff)
  (Cults 403 block — retry 1/3 after backoff)
  (Cults 403 block — retry 2/3 after backoff)
  (Cults 403 block — retry 3/3 after backoff)
  (Cults 403 block — retry 1/3 after backoff)
  (Cults 403 block — retry 2/3 after backoff)
  (Cults 403 block — retry 3/3 after backoff)
  (Cults 403 block — retry 1/3 after backoff)
  (Cults 403 block — retry 2/3 after backoff)
  (Cults 403 block — retry 3/3 after backoff)
✗ bats-and-owl-3d-relief-stl-halloween-wood-carving-cnc-router-file-spooky-wall-ar: Non-JSON response (403): 

Done. Created 0, failed 2.
All failures were Cults anti-bot (403/429) blocks — soft skip (not failing the run).
 
==== Sat 07/11/2026 13:56:17.99 ==== 
Unpublished: 1136 | publishable: 1134 | no-file (skipped): 2 | posting this run: 2
  no-file slugs (skipped): 6-67-month-membership-last-call-for-cnc-carvers, limited-time-cnc-membership-lock-in-6-67-month
  (Cults 403 block — retry 1/3 after backoff)
  (Cults 403 block — retry 2/3 after backoff)
  (Cults 403 block — retry 3/3 after backoff)
  (Cults 403 block — retry 1/3 after backoff)
  (Cults 403 block — retry 2/3 after backoff)
  (Cults 403 block — retry 3/3 after backoff)
  (Cults 403 block — retry 1/3 after backoff)
  (Cults 403 block — retry 2/3 after backoff)
  (Cults 403 block — retry 3/3 after backoff)
  (Cults 403 block — retry 1/3 after backoff)
  (Cults 403 block — retry 2/3 after backoff)
  (Cults 403 block — retry 3/3 after backoff)
  (Cults 403 block — retry 1/3 after backoff)
  (Cults 403 block — retry 2/3 after backoff)
  (Cults 403 block — retry 3/3 after backoff)
  (Cults 403 block — retry 1/3 after backoff)
  (Cults 403 block — retry 2/3 after backoff)
  (Cults 403 block — retry 3/3 after backoff)
  (Cults 403 block — retry 1/3 after backoff)
  (Cults 403 block — retry 2/3 after backoff)
  (Cults 403 block — retry 3/3 after backoff)
✗ bats-and-owl-3d-relief-stl-halloween-wood-carving-cnc-router-file-spooky-wall-ar: Non-JSON response (403): 
  (Cults 403 block — retry 1/3 after backoff)
  (Cults 403 block — retry 2/3 after backoff)
  (Cults 403 block — retry 3/3 after backoff)
  (Cults 403 block — retry 1/3 after backoff)
  (Cults 403 block — retry 2/3 after backoff)
  (Cults 403 block — retry 3/3 after backoff)
  (Cults 403 block — retry 1/3 after backoff)
  (Cults 403 block — retry 2/3 after backoff)
  (Cults 403 block — retry 3/3 after backoff)
  (Cults 403 block — retry 1/3 after backoff)
  (Cults 403 block — retry 2/3 after backoff)
  (Cults 403 block — retry 3/3 after backoff)
  (Cults 403 block — retry 1/3 after backoff)
  (Cults 403 block — retry 2/3 after backoff)
  (Cults 403 block — retry 3/3 after backoff)
  (Cults 403 block — retry 1/3 after backoff)
  (Cults 403 block — retry 2/3 after backoff)
  (Cults 403 block — retry 3/3 after backoff)
  (Cults 403 block — retry 1/3 after backoff)
  (Cults 403 block — retry 2/3 after backoff)
  (Cults 403 block — retry 3/3 after backoff)
✗ bats-moon-stl-night-sky-relief-art-halloween-wall-decor-cute-bat-artwork-wood-ca: Non-JSON response (403): 

Done. Created 0, failed 2.
All failures were Cults anti-bot (403/429) blocks — soft skip (not failing the run).
 
==== Sat 07/11/2026 15:56:18.33 ==== 
Unpublished: 1136 | publishable: 1134 | no-file (skipped): 2 | posting this run: 2
  no-file slugs (skipped): 6-67-month-membership-last-call-for-cnc-carvers, limited-time-cnc-membership-lock-in-6-67-month
  (Cults 403 block — retry 1/3 after backoff)
  (Cults 403 block — retry 2/3 after backoff)
  (Cults 403 block — retry 3/3 after backoff)
  (Cults 403 block — retry 1/3 after backoff)
  (Cults 403 block — retry 2/3 after backoff)
  (Cults 403 block — retry 3/3 after backoff)
  (Cults 403 block — retry 1/3 after backoff)
  (Cults 403 block — retry 2/3 after backoff)
  (Cults 403 block — retry 3/3 after backoff)
  (Cults 403 block — retry 1/3 after backoff)
  (Cults 403 block — retry 2/3 after backoff)
  (Cults 403 block — retry 3/3 after backoff)
  (Cults 403 block — retry 1/3 after backoff)
  (Cults 403 block — retry 2/3 after backoff)
  (Cults 403 block — retry 3/3 after backoff)
  (Cults 403 block — retry 1/3 after backoff)
  (Cults 403 block — retry 2/3 after backoff)
  (Cults 403 block — retry 3/3 after backoff)
  (Cults 403 block — retry 1/3 after backoff)
  (Cults 403 block — retry 2/3 after backoff)
  (Cults 403 block — retry 3/3 after backoff)
✗ bats-and-owl-3d-relief-stl-halloween-wood-carving-cnc-router-file-spooky-wall-ar: Non-JSON response (403): 
  (Cults 403 block — retry 1/3 after backoff)
  (Cults 403 block — retry 2/3 after backoff)
  (Cults 403 block — retry 3/3 after backoff)
  (Cults 403 block — retry 1/3 after backoff)
  (Cults 403 block — retry 2/3 after backoff)
  (Cults 403 block — retry 3/3 after backoff)
  (Cults 403 block — retry 1/3 after backoff)
  (Cults 403 block — retry 2/3 after backoff)
  (Cults 403 block — retry 3/3 after backoff)
  (Cults 403 block — retry 1/3 after backoff)
  (Cults 403 block — retry 2/3 after backoff)
  (Cults 403 block — retry 3/3 after backoff)
  (Cults 403 block — retry 1/3 after backoff)
  (Cults 403 block — retry 2/3 after backoff)
  (Cults 403 block — retry 3/3 after backoff)
  (Cults 403 block — retry 1/3 after backoff)
  (Cults 403 block — retry 2/3 after backoff)
  (Cults 403 block — retry 3/3 after backoff)
  (Cults 403 block — retry 1/3 after backoff)
  (Cults 403 block — retry 2/3 after backoff)
  (Cults 403 block — retry 3/3 after backoff)
✗ bats-moon-stl-night-sky-relief-art-halloween-wall-decor-cute-bat-artwork-wood-ca: Non-JSON response (403): 

Done. Created 0, failed 2.
All failures were Cults anti-bot (403/429) blocks — soft skip (not failing the run).
 
==== Sat 07/11/2026 17:56:18.03 ==== 
Unpublished: 1135 | publishable: 1133 | no-file (skipped): 2 | posting this run: 2
  no-file slugs (skipped): 6-67-month-membership-last-call-for-cnc-carvers, limited-time-cnc-membership-lock-in-6-67-month
  (Cults 403 block — retry 1/3 after backoff)
  (Cults 403 block — retry 2/3 after backoff)
  (Cults 403 block — retry 3/3 after backoff)
  (Cults 403 block — retry 1/3 after backoff)
  (Cults 403 block — retry 2/3 after backoff)
  (Cults 403 block — retry 3/3 after backoff)
  (Cults 403 block — retry 1/3 after backoff)
  (Cults 403 block — retry 2/3 after backoff)
  (Cults 403 block — retry 3/3 after backoff)
  (Cults 403 block — retry 1/3 after backoff)
  (Cults 403 block — retry 2/3 after backoff)
  (Cults 403 block — retry 3/3 after backoff)
  (Cults 403 block — retry 1/3 after backoff)
  (Cults 403 block — retry 2/3 after backoff)
  (Cults 403 block — retry 3/3 after backoff)
  (Cults 403 block — retry 1/3 after backoff)
  (Cults 403 block — retry 2/3 after backoff)
  (Cults 403 block — retry 3/3 after backoff)
  (Cults 403 block — retry 1/3 after backoff)
  (Cults 403 block — retry 2/3 after backoff)
  (Cults 403 block — retry 3/3 after backoff)
✗ bats-moon-stl-night-sky-relief-art-halloween-wall-decor-cute-bat-artwork-wood-ca: Non-JSON response (403): 
  (Cults 403 block — retry 1/3 after backoff)
  (Cults 403 block — retry 2/3 after backoff)
  (Cults 403 block — retry 3/3 after backoff)
  (Cults 403 block — retry 1/3 after backoff)
  (Cults 403 block — retry 2/3 after backoff)
  (Cults 403 block — retry 3/3 after backoff)
  (Cults 403 block — retry 1/3 after backoff)
  (Cults 403 block — retry 2/3 after backoff)
  (Cults 403 block — retry 3/3 after backoff)
  (Cults 403 block — retry 1/3 after backoff)
  (Cults 403 block — retry 2/3 after backoff)
  (Cults 403 block — retry 3/3 after backoff)
  (Cults 403 block — retry 1/3 after backoff)
  (Cults 403 block — retry 2/3 after backoff)
  (Cults 403 block — retry 3/3 after backoff)
  (Cults 403 block — retry 1/3 after backoff)
  (Cults 403 block — retry 2/3 after backoff)
  (Cults 403 block — retry 3/3 after backoff)
  (Cults 403 block — retry 1/3 after backoff)
  (Cults 403 block — retry 2/3 after backoff)
  (Cults 403 block — retry 3/3 after backoff)
✗ beach-footprint-3d-relief-stl-file-tropical-palm-boat-wood-grain-cnc-carving-coa: Non-JSON response (403): 

Done. Created 0, failed 2.
All failures were Cults anti-bot (403/429) blocks — soft skip (not failing the run).
 
==== Sat 07/11/2026 19:56:18.03 ==== 
Unpublished: 1135 | publishable: 1133 | no-file (skipped): 2 | posting this run: 2
  no-file slugs (skipped): 6-67-month-membership-last-call-for-cnc-carvers, limited-time-cnc-membership-lock-in-6-67-month
  (Cults 403 block — retry 1/3 after backoff)
  (Cults 403 block — retry 2/3 after backoff)
  (Cults 403 block — retry 3/3 after backoff)
  (Cults 403 block — retry 1/3 after backoff)
  (Cults 403 block — retry 2/3 after backoff)
  (Cults 403 block — retry 3/3 after backoff)
  (Cults 403 block — retry 1/3 after backoff)
  (Cults 403 block — retry 2/3 after backoff)
  (Cults 403 block — retry 3/3 after backoff)
  (Cults 403 block — retry 1/3 after backoff)
  (Cults 403 block — retry 2/3 after backoff)
  (Cults 403 block — retry 3/3 after backoff)
  (Cults 403 block — retry 1/3 after backoff)
  (Cults 403 block — retry 2/3 after backoff)
  (Cults 403 block — retry 3/3 after backoff)
  (Cults 403 block — retry 1/3 after backoff)
  (Cults 403 block — retry 2/3 after backoff)
  (Cults 403 block — retry 3/3 after backoff)
  (Cults 403 block — retry 1/3 after backoff)
  (Cults 403 block — retry 2/3 after backoff)
  (Cults 403 block — retry 3/3 after backoff)
✗ bats-moon-stl-night-sky-relief-art-halloween-wall-decor-cute-bat-artwork-wood-ca: Non-JSON response (403): 
  (Cults 403 block — retry 1/3 after backoff)
  (Cults 403 block — retry 2/3 after backoff)
  (Cults 403 block — retry 3/3 after backoff)
  (Cults 403 block — retry 1/3 after backoff)
  (Cults 403 block — retry 2/3 after backoff)
  (Cults 403 block — retry 3/3 after backoff)
  (Cults 403 block — retry 1/3 after backoff)
  (Cults 403 block — retry 2/3 after backoff)
  (Cults 403 block — retry 3/3 after backoff)
  (Cults 403 block — retry 1/3 after backoff)
  (Cults 403 block — retry 2/3 after backoff)
  (Cults 403 block — retry 3/3 after backoff)
  (Cults 403 block — retry 1/3 after backoff)
  (Cults 403 block — retry 2/3 after backoff)
  (Cults 403 block — retry 3/3 after backoff)
  (Cults 403 block — retry 1/3 after backoff)
  (Cults 403 block — retry 2/3 after backoff)
  (Cults 403 block — retry 3/3 after backoff)
  (Cults 403 block — retry 1/3 after backoff)
  (Cults 403 block — retry 2/3 after backoff)
  (Cults 403 block — retry 3/3 after backoff)
✗ beach-footprint-3d-relief-stl-file-tropical-palm-boat-wood-grain-cnc-carving-coa: Non-JSON response (403): 

Done. Created 0, failed 2.
All failures were Cults anti-bot (403/429) blocks — soft skip (not failing the run).
 
==== Sat 07/11/2026 21:56:18.21 ==== 
Unpublished: 1135 | publishable: 1133 | no-file (skipped): 2 | posting this run: 2
  no-file slugs (skipped): 6-67-month-membership-last-call-for-cnc-carvers, limited-time-cnc-membership-lock-in-6-67-month
  (Cults 403 block — retry 1/3 after backoff)
  (Cults 403 block — retry 2/3 after backoff)
  (Cults 403 block — retry 3/3 after backoff)
  (Cults 403 block — retry 1/3 after backoff)
  (Cults 403 block — retry 2/3 after backoff)
  (Cults 403 block — retry 3/3 after backoff)
  (Cults 403 block — retry 1/3 after backoff)
  (Cults 403 block — retry 2/3 after backoff)
  (Cults 403 block — retry 3/3 after backoff)
  (Cults 403 block — retry 1/3 after backoff)
  (Cults 403 block — retry 2/3 after backoff)
  (Cults 403 block — retry 3/3 after backoff)
  (Cults 403 block — retry 1/3 after backoff)
  (Cults 403 block — retry 2/3 after backoff)
  (Cults 403 block — retry 3/3 after backoff)
  (Cults 403 block — retry 1/3 after backoff)
  (Cults 403 block — retry 2/3 after backoff)
  (Cults 403 block — retry 3/3 after backoff)
  (Cults 403 block — retry 1/3 after backoff)
  (Cults 403 block — retry 2/3 after backoff)
  (Cults 403 block — retry 3/3 after backoff)
✗ bats-moon-stl-night-sky-relief-art-halloween-wall-decor-cute-bat-artwork-wood-ca: Non-JSON response (403): 
  (Cults 403 block — retry 1/3 after backoff)
  (Cults 403 block — retry 2/3 after backoff)
  (Cults 403 block — retry 3/3 after backoff)
  (Cults 403 block — retry 1/3 after backoff)
  (Cults 403 block — retry 2/3 after backoff)
  (Cults 403 block — retry 3/3 after backoff)
  (Cults 403 block — retry 1/3 after backoff)
  (Cults 403 block — retry 2/3 after backoff)
  (Cults 403 block — retry 3/3 after backoff)
  (Cults 403 block — retry 1/3 after backoff)
  (Cults 403 block — retry 2/3 after backoff)
  (Cults 403 block — retry 3/3 after backoff)
  (Cults 403 block — retry 1/3 after backoff)
  (Cults 403 block — retry 2/3 after backoff)
  (Cults 403 block — retry 3/3 after backoff)
  (Cults 403 block — retry 1/3 after backoff)
  (Cults 403 block — retry 2/3 after backoff)
  (Cults 403 block — retry 3/3 after backoff)
  (Cults 403 block — retry 1/3 after backoff)
  (Cults 403 block — retry 2/3 after backoff)
  (Cults 403 block — retry 3/3 after backoff)
✗ beach-footprint-3d-relief-stl-file-tropical-palm-boat-wood-grain-cnc-carving-coa: Non-JSON response (403): 

Done. Created 0, failed 2.
All failures were Cults anti-bot (403/429) blocks — soft skip (not failing the run).
 
==== Sat 07/11/2026 23:56:18.05 ==== 
Unpublished: 1135 | publishable: 1133 | no-file (skipped): 2 | posting this run: 2
  no-file slugs (skipped): 6-67-month-membership-last-call-for-cnc-carvers, limited-time-cnc-membership-lock-in-6-67-month
  (Cults 403 block — retry 1/3 after backoff)
  (Cults 403 block — retry 2/3 after backoff)
  (Cults 403 block — retry 3/3 after backoff)
  (Cults 403 block — retry 1/3 after backoff)
  (Cults 403 block — retry 2/3 after backoff)
  (Cults 403 block — retry 3/3 after backoff)
  (Cults 403 block — retry 1/3 after backoff)
  (Cults 403 block — retry 2/3 after backoff)
  (Cults 403 block — retry 3/3 after backoff)
  (Cults 403 block — retry 1/3 after backoff)
  (Cults 403 block — retry 2/3 after backoff)
  (Cults 403 block — retry 3/3 after backoff)
  (Cults 403 block — retry 1/3 after backoff)
  (Cults 403 block — retry 2/3 after backoff)
  (Cults 403 block — retry 3/3 after backoff)
  (Cults 403 block — retry 1/3 after backoff)
  (Cults 403 block — retry 2/3 after backoff)
  (Cults 403 block — retry 3/3 after backoff)
  (Cults 403 block — retry 1/3 after backoff)
  (Cults 403 block — retry 2/3 after backoff)
  (Cults 403 block — retry 3/3 after backoff)
✗ bats-moon-stl-night-sky-relief-art-halloween-wall-decor-cute-bat-artwork-wood-ca: Non-JSON response (403): 
  (Cults 403 block — retry 1/3 after backoff)
  (Cults 403 block — retry 2/3 after backoff)
  (Cults 403 block — retry 3/3 after backoff)
  (Cults 403 block — retry 1/3 after backoff)
  (Cults 403 block — retry 2/3 after backoff)
  (Cults 403 block — retry 3/3 after backoff)
  (Cults 403 block — retry 1/3 after backoff)
  (Cults 403 block — retry 2/3 after backoff)
  (Cults 403 block — retry 3/3 after backoff)
  (Cults 403 block — retry 1/3 after backoff)
  (Cults 403 block — retry 2/3 after backoff)
  (Cults 403 block — retry 3/3 after backoff)
  (Cults 403 block — retry 1/3 after backoff)
  (Cults 403 block — retry 2/3 after backoff)
  (Cults 403 block — retry 3/3 after backoff)
  (Cults 403 block — retry 1/3 after backoff)
  (Cults 403 block — retry 2/3 after backoff)
  (Cults 403 block — retry 3/3 after backoff)
  (Cults 403 block — retry 1/3 after backoff)
  (Cults 403 block — retry 2/3 after backoff)
  (Cults 403 block — retry 3/3 after backoff)
✗ beach-footprint-3d-relief-stl-file-tropical-palm-boat-wood-grain-cnc-carving-coa: Non-JSON response (403): 

Done. Created 0, failed 2.
All failures were Cults anti-bot (403/429) blocks — soft skip (not failing the run).
 
==== Sun 07/12/2026  7:56:18.26 ==== 
^C 
==== Sun 07/12/2026  9:56:18.03 ==== 
Unpublished: 1135 | publishable: 1133 | no-file (skipped): 2 | posting this run: 2
  no-file slugs (skipped): 6-67-month-membership-last-call-for-cnc-carvers, limited-time-cnc-membership-lock-in-6-67-month
  (Cults 403 block — retry 1/3 after backoff)
  (Cults 403 block — retry 2/3 after backoff)
  (Cults 403 block — retry 3/3 after backoff)
  (Cults 403 block — retry 1/3 after backoff)
  (Cults 403 block — retry 2/3 after backoff)
  (Cults 403 block — retry 3/3 after backoff)
  (Cults 403 block — retry 1/3 after backoff)
  (Cults 403 block — retry 2/3 after backoff)
  (Cults 403 block — retry 3/3 after backoff)
  (Cults 403 block — retry 1/3 after backoff)
  (Cults 403 block — retry 2/3 after backoff)
  (Cults 403 block — retry 3/3 after backoff)
  (Cults 403 block — retry 1/3 after backoff)
  (Cults 403 block — retry 2/3 after backoff)
  (Cults 403 block — retry 3/3 after backoff)
  (Cults 403 block — retry 1/3 after backoff)
  (Cults 403 block — retry 2/3 after backoff)
  (Cults 403 block — retry 3/3 after backoff)
  (Cults 403 block — retry 1/3 after backoff)
  (Cults 403 block — retry 2/3 after backoff)
  (Cults 403 block — retry 3/3 after backoff)
✗ bats-moon-stl-night-sky-relief-art-halloween-wall-decor-cute-bat-artwork-wood-ca: Non-JSON response (403): 
  (Cults 403 block — retry 1/3 after backoff)
  (Cults 403 block — retry 2/3 after backoff)
  (Cults 403 block — retry 3/3 after backoff)
  (Cults 403 block — retry 1/3 after backoff)
  (Cults 403 block — retry 2/3 after backoff)
  (Cults 403 block — retry 3/3 after backoff)
  (Cults 403 block — retry 1/3 after backoff)
  (Cults 403 block — retry 2/3 after backoff)
  (Cults 403 block — retry 3/3 after backoff)
  (Cults 403 block — retry 1/3 after backoff)
  (Cults 403 block — retry 2/3 after backoff)
  (Cults 403 block — retry 3/3 after backoff)
  (Cults 403 block — retry 1/3 after backoff)
  (Cults 403 block — retry 2/3 after backoff)
  (Cults 403 block — retry 3/3 after backoff)
  (Cults 403 block — retry 1/3 after backoff)
  (Cults 403 block — retry 2/3 after backoff)
  (Cults 403 block — retry 3/3 after backoff)
  (Cults 403 block — retry 1/3 after backoff)
  (Cults 403 block — retry 2/3 after backoff)
  (Cults 403 block — retry 3/3 after backoff)
✗ beach-footprint-3d-relief-stl-file-tropical-palm-boat-wood-grain-cnc-carving-coa: Non-JSON response (403): 

Done. Created 0, failed 2.
All failures were Cults anti-bot (403/429) blocks — soft skip (not failing the run).
 
==== Sun 07/12/2026 11:56:18.05 ==== 
Unpublished: 1134 | publishable: 1132 | no-file (skipped): 2 | posting this run: 2
  no-file slugs (skipped): 6-67-month-membership-last-call-for-cnc-carvers, limited-time-cnc-membership-lock-in-6-67-month
  (Cults 403 block — retry 1/3 after backoff)
  (Cults 403 block — retry 2/3 after backoff)
  (Cults 403 block — retry 3/3 after backoff)
  (Cults 403 block — retry 1/3 after backoff)
  (Cults 403 block — retry 2/3 after backoff)
  (Cults 403 block — retry 3/3 after backoff)
  (Cults 403 block — retry 1/3 after backoff)
  (Cults 403 block — retry 2/3 after backoff)
  (Cults 403 block — retry 3/3 after backoff)
  (Cults 403 block — retry 1/3 after backoff)
  (Cults 403 block — retry 2/3 after backoff)
  (Cults 403 block — retry 3/3 after backoff)
  (Cults 403 block — retry 1/3 after backoff)
  (Cults 403 block — retry 2/3 after backoff)
  (Cults 403 block — retry 3/3 after backoff)
  (Cults 403 block — retry 1/3 after backoff)
  (Cults 403 block — retry 2/3 after backoff)
  (Cults 403 block — retry 3/3 after backoff)
  (Cults 403 block — retry 1/3 after backoff)
  (Cults 403 block — retry 2/3 after backoff)
  (Cults 403 block — retry 3/3 after backoff)
✗ beach-footprint-3d-relief-stl-file-tropical-palm-boat-wood-grain-cnc-carving-coa: Non-JSON response (403): 
  (Cults 403 block — retry 1/3 after backoff)
  (Cults 403 block — retry 2/3 after backoff)
  (Cults 403 block — retry 3/3 after backoff)
  (Cults 403 block — retry 1/3 after backoff)
  (Cults 403 block — retry 2/3 after backoff)
  (Cults 403 block — retry 3/3 after backoff)
  (Cults 403 block — retry 1/3 after backoff)
  (Cults 403 block — retry 2/3 after backoff)
  (Cults 403 block — retry 3/3 after backoff)
  (Cults 403 block — retry 1/3 after backoff)
  (Cults 403 block — retry 2/3 after backoff)
  (Cults 403 block — retry 3/3 after backoff)
  (Cults 403 block — retry 1/3 after backoff)
  (Cults 403 block — retry 2/3 after backoff)
  (Cults 403 block — retry 3/3 after backoff)
  (Cults 403 block — retry 1/3 after backoff)
  (Cults 403 block — retry 2/3 after backoff)
  (Cults 403 block — retry 3/3 after backoff)
  (Cults 403 block — retry 1/3 after backoff)
  (Cults 403 block — retry 2/3 after backoff)
  (Cults 403 block — retry 3/3 after backoff)
✗ bear-and-cub-3d-relief-stl-file-rustic-wood-grain-cnc-carving-design-wildlife-fo: Non-JSON response (403): 

Done. Created 0, failed 2.
All failures were Cults anti-bot (403/429) blocks — soft skip (not failing the run).
 
==== Sun 07/12/2026 13:56:18.08 ==== 
Unpublished: 1143 | publishable: 1141 | no-file (skipped): 2 | posting this run: 2
  no-file slugs (skipped): 6-67-month-membership-last-call-for-cnc-carvers, limited-time-cnc-membership-lock-in-6-67-month
  (Cults 403 block — retry 1/3 after backoff)
  (Cults 403 block — retry 2/3 after backoff)
  (Cults 403 block — retry 3/3 after backoff)
  (Cults 403 block — retry 1/3 after backoff)
  (Cults 403 block — retry 2/3 after backoff)
  (Cults 403 block — retry 3/3 after backoff)
  (Cults 403 block — retry 1/3 after backoff)
  (Cults 403 block — retry 2/3 after backoff)
  (Cults 403 block — retry 3/3 after backoff)
  (Cults 403 block — retry 1/3 after backoff)
  (Cults 403 block — retry 2/3 after backoff)
  (Cults 403 block — retry 3/3 after backoff)
  (Cults 403 block — retry 1/3 after backoff)
  (Cults 403 block — retry 2/3 after backoff)
  (Cults 403 block — retry 3/3 after backoff)
  (Cults 403 block — retry 1/3 after backoff)
  (Cults 403 block — retry 2/3 after backoff)
  (Cults 403 block — retry 3/3 after backoff)
  (Cults 403 block — retry 1/3 after backoff)
  (Cults 403 block — retry 2/3 after backoff)
  (Cults 403 block — retry 3/3 after backoff)
✗ bear-and-cub-3d-relief-stl-file-rustic-wood-grain-cnc-carving-design-wildlife-fo: Non-JSON response (403): 
  (Cults 403 block — retry 1/3 after backoff)
  (Cults 403 block — retry 2/3 after backoff)
  (Cults 403 block — retry 3/3 after backoff)
  (Cults 403 block — retry 1/3 after backoff)
  (Cults 403 block — retry 2/3 after backoff)
  (Cults 403 block — retry 3/3 after backoff)
  (Cults 403 block — retry 1/3 after backoff)
  (Cults 403 block — retry 2/3 after backoff)
  (Cults 403 block — retry 3/3 after backoff)
  (Cults 403 block — retry 1/3 after backoff)
  (Cults 403 block — retry 2/3 after backoff)
  (Cults 403 block — retry 3/3 after backoff)
  (Cults 403 block — retry 1/3 after backoff)
  (Cults 403 block — retry 2/3 after backoff)
  (Cults 403 block — retry 3/3 after backoff)
  (Cults 403 block — retry 1/3 after backoff)
  (Cults 403 block — retry 2/3 after backoff)
  (Cults 403 block — retry 3/3 after backoff)
  (Cults 403 block — retry 1/3 after backoff)
  (Cults 403 block — retry 2/3 after backoff)
  (Cults 403 block — retry 3/3 after backoff)
✗ bear-and-cubs-3d-relief-stl-for-cnc-router-wildlife-wood-carving-panel-mama-bear: Non-JSON response (403): 

Done. Created 0, failed 2.
All failures were Cults anti-bot (403/429) blocks — soft skip (not failing the run).
 
==== Sun 07/12/2026 15:56:18.04 ==== 
Unpublished: 1154 | publishable: 1152 | no-file (skipped): 2 | posting this run: 2
  no-file slugs (skipped): 6-67-month-membership-last-call-for-cnc-carvers, limited-time-cnc-membership-lock-in-6-67-month
  (Cults 403 block — retry 1/3 after backoff)
  (Cults 403 block — retry 2/3 after backoff)
  (Cults 403 block — retry 3/3 after backoff)
  (Cults 403 block — retry 1/3 after backoff)
  (Cults 403 block — retry 2/3 after backoff)
  (Cults 403 block — retry 3/3 after backoff)
  (Cults 403 block — retry 1/3 after backoff)
  (Cults 403 block — retry 2/3 after backoff)
  (Cults 403 block — retry 3/3 after backoff)
  (Cults 403 block — retry 1/3 after backoff)
  (Cults 403 block — retry 2/3 after backoff)
  (Cults 403 block — retry 3/3 after backoff)
  (Cults 403 block — retry 1/3 after backoff)
  (Cults 403 block — retry 2/3 after backoff)
  (Cults 403 block — retry 3/3 after backoff)
  (Cults 403 block — retry 1/3 after backoff)
  (Cults 403 block — retry 2/3 after backoff)
  (Cults 403 block — retry 3/3 after backoff)
  (Cults 403 block — retry 1/3 after backoff)
  (Cults 403 block — retry 2/3 after backoff)
  (Cults 403 block — retry 3/3 after backoff)
✗ bear-and-cubs-3d-relief-stl-for-cnc-router-wildlife-wood-carving-panel-mama-bear: Non-JSON response (403): 
  (Cults 403 block — retry 1/3 after backoff)
  (Cults 403 block — retry 2/3 after backoff)
  (Cults 403 block — retry 3/3 after backoff)
  (Cults 403 block — retry 1/3 after backoff)
  (Cults 403 block — retry 2/3 after backoff)
  (Cults 403 block — retry 3/3 after backoff)
  (Cults 403 block — retry 1/3 after backoff)
  (Cults 403 block — retry 2/3 after backoff)
  (Cults 403 block — retry 3/3 after backoff)
  (Cults 403 block — retry 1/3 after backoff)
  (Cults 403 block — retry 2/3 after backoff)
  (Cults 403 block — retry 3/3 after backoff)
  (Cults 403 block — retry 1/3 after backoff)
  (Cults 403 block — retry 2/3 after backoff)
  (Cults 403 block — retry 3/3 after backoff)
  (Cults 403 block — retry 1/3 after backoff)
  (Cults 403 block — retry 2/3 after backoff)
  (Cults 403 block — retry 3/3 after backoff)
  (Cults 403 block — retry 1/3 after backoff)
  (Cults 403 block — retry 2/3 after backoff)
  (Cults 403 block — retry 3/3 after backoff)
  (Cults 403 block — retry 1/3 after backoff)
  (Cults 403 block — retry 2/3 after backoff)
  (Cults 403 block — retry 3/3 after backoff)
✗ bear-bee-flower-bas-relief-stl: Non-JSON response (403): 

Done. Created 0, failed 2.
All failures were Cults anti-bot (403/429) blocks — soft skip (not failing the run).
 
==== Sun 07/12/2026 17:56:18.15 ==== 
Unpublished: 1154 | publishable: 1152 | no-file (skipped): 2 | posting this run: 2
  no-file slugs (skipped): 6-67-month-membership-last-call-for-cnc-carvers, limited-time-cnc-membership-lock-in-6-67-month
  (Cults 403 block — retry 1/3 after backoff)
  (Cults 403 block — retry 2/3 after backoff)
  (Cults 403 block — retry 3/3 after backoff)
  (Cults 403 block — retry 1/3 after backoff)
  (Cults 403 block — retry 2/3 after backoff)
  (Cults 403 block — retry 3/3 after backoff)
  (Cults 403 block — retry 1/3 after backoff)
  (Cults 403 block — retry 2/3 after backoff)
  (Cults 403 block — retry 3/3 after backoff)
  (Cults 403 block — retry 1/3 after backoff)
  (Cults 403 block — retry 2/3 after backoff)
  (Cults 403 block — retry 3/3 after backoff)
  (Cults 403 block — retry 1/3 after backoff)
  (Cults 403 block — retry 2/3 after backoff)
  (Cults 403 block — retry 3/3 after backoff)
  (Cults 403 block — retry 1/3 after backoff)
  (Cults 403 block — retry 2/3 after backoff)
  (Cults 403 block — retry 3/3 after backoff)
  (Cults 403 block — retry 1/3 after backoff)
  (Cults 403 block — retry 2/3 after backoff)
  (Cults 403 block — retry 3/3 after backoff)
✗ bear-and-cubs-3d-relief-stl-for-cnc-router-wildlife-wood-carving-panel-mama-bear: Non-JSON response (403): 
  (Cults 403 block — retry 1/3 after backoff)
  (Cults 403 block — retry 2/3 after backoff)
  (Cults 403 block — retry 3/3 after backoff)
  (Cults 403 block — retry 1/3 after backoff)
  (Cults 403 block — retry 2/3 after backoff)
  (Cults 403 block — retry 3/3 after backoff)
  (Cults 403 block — retry 1/3 after backoff)
  (Cults 403 block — retry 2/3 after backoff)
  (Cults 403 block — retry 3/3 after backoff)
  (Cults 403 block — retry 1/3 after backoff)
  (Cults 403 block — retry 2/3 after backoff)
  (Cults 403 block — retry 3/3 after backoff)
  (Cults 403 block — retry 1/3 after backoff)
  (Cults 403 block — retry 2/3 after backoff)
  (Cults 403 block — retry 3/3 after backoff)
  (Cults 403 block — retry 1/3 after backoff)
  (Cults 403 block — retry 2/3 after backoff)
  (Cults 403 block — retry 3/3 after backoff)
  (Cults 403 block — retry 1/3 after backoff)
  (Cults 403 block — retry 2/3 after backoff)
  (Cults 403 block — retry 3/3 after backoff)
  (Cults 403 block — retry 1/3 after backoff)
  (Cults 403 block — retry 2/3 after backoff)
  (Cults 403 block — retry 3/3 after backoff)
✗ bear-bee-flower-bas-relief-stl: Non-JSON response (403): 

Done. Created 0, failed 2.
All failures were Cults anti-bot (403/429) blocks — soft skip (not failing the run).
